src/app/dashboard/layout.tsx(29,13): error TS2304: Cannot find name 'ShieldCheck'.
src/components/Payments-Modal.tsx(128,42): error TS2304: Cannot find name 'Zap'.
src/lib/auth.ts(9,5): error TS2322: Type 'import("C:/Users/sriram/campusconnectco.in/node_modules/@auth/prisma-adapter/node_modules/@auth/core/adapters").Adapter' is not assignable to type 'import("C:/Users/sriram/campusconnectco.in/node_modules/@auth/core/adapters").Adapter'.
  Types of property 'createUser' are incompatible.
    Type '((user: import("C:/Users/sriram/campusconnectco.in/node_modules/@auth/prisma-adapter/node_modules/@auth/core/adapters").AdapterUser) => import("C:/Users/sriram/campusconnectco.in/node_modules/@auth/prisma-adapter/node_modules/@auth/core/types").Awaitable<import("C:/Users/sriram/campusconnectco.in/node_modules/@auth/...' is not assignable to type '((user: import("C:/Users/sriram/campusconnectco.in/node_modules/@auth/core/adapters").AdapterUser) => import("C:/Users/sriram/campusconnectco.in/node_modules/@auth/core/types").Awaitable<import("C:/Users/sriram/campusconnectco.in/node_modules/@auth/core/adapters").AdapterUser>) | undefined'.
      Type '(user: import("C:/Users/sriram/campusconnectco.in/node_modules/@auth/prisma-adapter/node_modules/@auth/core/adapters").AdapterUser) => import("C:/Users/sriram/campusconnectco.in/node_modules/@auth/prisma-adapter/node_modules/@auth/core/types").Awaitable<import("C:/Users/sriram/campusconnectco.in/node_modules/@auth/p...' is not assignable to type '(user: import("C:/Users/sriram/campusconnectco.in/node_modules/@auth/core/adapters").AdapterUser) => import("C:/Users/sriram/campusconnectco.in/node_modules/@auth/core/types").Awaitable<import("C:/Users/sriram/campusconnectco.in/node_modules/@auth/core/adapters").AdapterUser>'.
        Type 'import("C:/Users/sriram/campusconnectco.in/node_modules/@auth/prisma-adapter/node_modules/@auth/core/types").Awaitable<import("C:/Users/sriram/campusconnectco.in/node_modules/@auth/prisma-adapter/node_modules/@auth/core/adapters").AdapterUser>' is not assignable to type 'import("C:/Users/sriram/campusconnectco.in/node_modules/@auth/core/types").Awaitable<import("C:/Users/sriram/campusconnectco.in/node_modules/@auth/core/adapters").AdapterUser>'.
          Type 'AdapterUser' is not assignable to type 'Awaitable<AdapterUser>'.
            Property 'role' is missing in type 'import("C:/Users/sriram/campusconnectco.in/node_modules/@auth/prisma-adapter/node_modules/@auth/core/adapters").AdapterUser' but required in type 'import("C:/Users/sriram/campusconnectco.in/node_modules/@auth/core/adapters").AdapterUser'.
src/lib/auth.ts(56,17): error TS2578: Unused '@ts-expect-error' directive.
